[2015-04-22 03:04:12,497] [application.display_items.views] [DEBUG] openItem: no such column: ssl_users_user_items_table.IsTradeSuccess
[2015-04-22 03:04:12,608] [application.display_items.views] [DEBUG] getEssenceBooks: no such column: ssl_users_user_items_table.IsTradeSuccess
[2015-04-22 03:04:12,681] [application.display_items.views] [DEBUG] getOnSelling: no such column: ssl_users_user_items_table.IsTradeSuccess
[2015-04-22 03:04:12,692] [application.display_items.views] [DEBUG] getBooksWithType: no such column: ssl_users_user_items_table.IsTradeSuccess
[2015-04-22 03:04:12,696] [application.display_items.views] [DEBUG] getBooksWithType: no such column: ssl_users_user_items_table.IsTradeSuccess
[2015-04-22 08:16:23,177] [application.display_items.views] [DEBUG] getAllPostsForUser: 'tzy_users' object has no attribute 'mobilephone'
[2015-04-22 08:19:27,341] [application.display_items.views] [DEBUG] getAllPostsForUser: 'tzy_users' object has no attribute 'mobilephone'
[2015-04-22 08:39:27,779] [application.display_items.views] [DEBUG] getAllPostsForUser: 'tzy_users' object has no attribute 'mobilephone'
[2015-04-22 08:39:41,844] [application.display_items.views] [DEBUG] getAllPostsForUser: 'tzy_users' object has no attribute 'mobilephone'
[2015-04-22 08:41:59,606] [application.display_items.views] [DEBUG] getAllPostsForUser: 'tzy_users' object has no attribute 'mobilephone'
[2015-04-22 08:42:12,192] [application.display_items.views] [DEBUG] getAllPostsForUser: 'tzy_users' object has no attribute 'mobilephone'
[2015-04-22 08:46:24,915] [application.display_items.views] [DEBUG] getAllPostsForUser: 'tzy_users' object has no attribute 'mobilephone'
[2015-04-22 14:48:08,287] [application.display_items.views] [DEBUG] openItem: Could not parse the remainder: '(result.MessageCount' from '(result.MessageCount'
[2015-04-22 14:48:16,151] [application.display_items.views] [DEBUG] openItem: Could not parse the remainder: '(result.MessageCount' from '(result.MessageCount'
[2015-04-22 15:55:21,377] [application.display_items.views] [DEBUG] postItemMessage: global name 'createdTime' is not defined
[2015-04-22 15:55:37,604] [application.display_items.views] [DEBUG] postItemMessage: global name 'createdTime' is not defined
[2015-04-23 03:53:39,817] [application.display_items.views] [DEBUG] openItem: Invalid block tag: 'assign', expected 'elif', 'else' or 'endif'
[2015-04-23 03:53:42,997] [application.display_items.views] [DEBUG] openItem: Invalid block tag: 'assign', expected 'elif', 'else' or 'endif'
[2015-04-23 03:56:05,050] [application.display_items.views] [DEBUG] openItem: Invalid block tag: 'for(pageIndex=1;pageIndex', expected 'elif', 'else' or 'endif'
[2015-04-23 04:00:07,501] [application.display_items.views] [DEBUG] openItem: range() integer end argument expected, got float.
[2015-04-23 04:02:01,917] [application.display_items.views] [DEBUG] openItem: range() integer end argument expected, got float.
[2015-04-23 04:02:47,438] [application.display_items.views] [DEBUG] openItem: range() integer end argument expected, got float.
[2015-04-23 15:40:10,524] [application.display_items.views] [DEBUG] openItem: Invalid block tag: 'result.MessagePageIndexs.length', expected 'elif', 'else' or 'endif'
[2015-04-23 15:40:59,279] [application.display_items.views] [DEBUG] openItem: Could not parse the remainder: '(result.MessagePageIndexs)' from 'length(result.MessagePageIndexs)'
[2015-04-23 15:41:02,583] [application.display_items.views] [DEBUG] openItem: Could not parse the remainder: '(result.MessagePageIndexs)' from 'length(result.MessagePageIndexs)'
[2015-04-23 15:42:37,552] [application.display_items.views] [DEBUG] openItem: Could not parse the remainder: '(result.MessagePageIndexs)' from 'length(result.MessagePageIndexs)'
[2015-04-23 16:12:24,815] [application.display_items.views] [DEBUG] getItemMessages: %d format: a number is required, not unicode
[2015-04-23 16:12:26,487] [application.display_items.views] [DEBUG] getItemMessages: %d format: a number is required, not unicode
[2015-04-23 16:12:27,511] [application.display_items.views] [DEBUG] getItemMessages: %d format: a number is required, not unicode
[2015-04-23 16:14:05,201] [application.display_items.views] [DEBUG] getItemMessages: %d format: a number is required, not unicode
<<<<<<< HEAD
[2015-04-23 19:16:02,525] [application.display_items.views] [DEBUG] upload-image: [Errno -2] Name or service not known
[2015-04-23 19:16:02,526] [application.display_items.views] [DEBUG] postItem: 'ImageUrl'
=======
[2015-04-24 08:21:21,261] [application.ssl_users.views] [DEBUG] regUserInfo: invalid literal for int() with base 10: ''
>>>>>>> 27fd6202720d031a32933e06d5f9f204654aa8f7
